<?xml version="1.0" encoding="UTF-8"?>
<testng-results skipped="0" failed="0" ignored="0" total="1" passed="1">
  <reporter-output>
  </reporter-output>
  <suite name="Default suite" duration-ms="13065" started-at="2018-07-16T05:38:58Z" finished-at="2018-07-16T05:39:11Z">
    <groups>
    </groups>
    <test name="Default test" duration-ms="13065" started-at="2018-07-16T05:38:58Z" finished-at="2018-07-16T05:39:11Z">
      <class name="com.Facebook.TestCases.signUpTestcases">
        <test-method status="PASS" signature="setUp()[pri:0, instance:com.Facebook.TestCases.signUpTestcases@5c7fa833]" name="setUp" is-config="true" duration-ms="5806" started-at="2018-07-15T22:38:58Z" finished-at="2018-07-15T22:39:04Z">
          <reporter-output>
          </reporter-output>
        </test-method> <!-- setUp -->
        <test-method status="PASS" signature="verifyReceipelink()[pri:1, instance:com.Facebook.TestCases.signUpTestcases@5c7fa833]" name="verifyReceipelink" duration-ms="7054" started-at="2018-07-15T22:39:04Z" finished-at="2018-07-15T22:39:11Z">
          <reporter-output>
          </reporter-output>
        </test-method> <!-- verifyReceipelink -->
        <test-method status="PASS" signature="tearDown()[pri:0, instance:com.Facebook.TestCases.signUpTestcases@5c7fa833]" name="tearDown" is-config="true" duration-ms="179" started-at="2018-07-15T22:39:11Z" finished-at="2018-07-15T22:39:11Z">
          <reporter-output>
          </reporter-output>
        </test-method> <!-- tearDown -->
      </class> <!-- com.Facebook.TestCases.signUpTestcases -->
    </test> <!-- Default test -->
  </suite> <!-- Default suite -->
</testng-results>
